2024.02.18 14:24:02 INFO  Started: Metals version 1.2.2 in folders '/Users/tommy/Desktop/builds/rw/rw-scala' for client Visual Studio Code 1.86.1.[0m
14:24:02.815 [pool-1-thread-4] INFO org.flywaydb.core.internal.license.VersionPrinter -- Flyway Community Edition 9.22.3 by Redgate
14:24:02.817 [pool-1-thread-4] INFO org.flywaydb.core.internal.license.VersionPrinter -- See release notes here: https://rd.gt/416ObMi
14:24:02.817 [pool-1-thread-4] INFO org.flywaydb.core.internal.license.VersionPrinter -- 
14:24:02.821 [pool-1-thread-4] DEBUG org.flywaydb.core.internal.scanner.classpath.ClassPathScanner -- Scanning for classpath resources at 'classpath:db/callback' ...
14:24:02.821 [pool-1-thread-4] DEBUG org.flywaydb.core.internal.scanner.classpath.ClassPathScanner -- Determining location urls for classpath:db/callback using ClassLoader sun.misc.Launcher$AppClassLoader@70dea4e ...
14:24:02.821 [pool-1-thread-4] DEBUG org.flywaydb.core.internal.scanner.classpath.ClassPathScanner -- Unable to resolve location classpath:db/callback.
14:24:02.821 [pool-1-thread-4] DEBUG org.flywaydb.core.internal.scanner.classpath.ClassPathScanner -- Scanning for classpath resources at 'classpath:db/migration' ...
14:24:02.821 [pool-1-thread-4] DEBUG org.flywaydb.core.internal.scanner.classpath.ClassPathScanner -- Determining location urls for classpath:db/migration using ClassLoader sun.misc.Launcher$AppClassLoader@70dea4e ...
14:24:02.821 [pool-1-thread-4] DEBUG org.flywaydb.core.internal.scanner.classpath.ClassPathScanner -- Scanning URL: jar:file:/Users/tommy/Library/Caches/Coursier/v1/https/repo1.maven.org/maven2/org/scalameta/metals_2.13/1.2.2/metals_2.13-1.2.2.jar!/db/migration
14:24:02.824 [pool-1-thread-4] DEBUG org.flywaydb.core.internal.scanner.classpath.ClassPathScanner -- Found resource: db/migration/
14:24:02.824 [pool-1-thread-4] DEBUG org.flywaydb.core.internal.scanner.classpath.ClassPathScanner -- Found resource: db/migration/V1__Create_tables.sql
14:24:02.824 [pool-1-thread-4] DEBUG org.flywaydb.core.internal.scanner.classpath.ClassPathScanner -- Found resource: db/migration/V2__Server_discovery.sql
14:24:02.824 [pool-1-thread-4] DEBUG org.flywaydb.core.internal.scanner.classpath.ClassPathScanner -- Found resource: db/migration/V3__Jar_symbols.sql
14:24:02.824 [pool-1-thread-4] DEBUG org.flywaydb.core.internal.scanner.classpath.ClassPathScanner -- Found resource: db/migration/V4__Fingerprints.sql
14:24:02.824 [pool-1-thread-4] DEBUG org.flywaydb.core.internal.scanner.classpath.ClassPathScanner -- Scanning for classes at classpath:db/migration
14:24:02.827 [pool-1-thread-4] DEBUG org.flywaydb.core.internal.scanner.Scanner -- Filtering out resource: db/migration/ (filename: )
14:24:02.827 [pool-1-thread-4] DEBUG org.flywaydb.core.internal.resource.ResourceNameValidator -- Validating V1__Create_tables.sql
14:24:02.827 [pool-1-thread-4] DEBUG org.flywaydb.core.internal.resource.ResourceNameValidator -- Validating V2__Server_discovery.sql
14:24:02.827 [pool-1-thread-4] DEBUG org.flywaydb.core.internal.resource.ResourceNameValidator -- Validating V4__Fingerprints.sql
14:24:02.828 [pool-1-thread-4] DEBUG org.flywaydb.core.internal.resource.ResourceNameValidator -- Validating V3__Jar_symbols.sql
14:24:02.901 [pool-1-thread-4] INFO org.flywaydb.core.FlywayExecutor -- Database: jdbc:h2:file:/Users/tommy/Desktop/builds/rw/rw-scala/.metals/metals (H2 2.2)
14:24:02.901 [pool-1-thread-4] DEBUG org.flywaydb.core.FlywayExecutor -- Driver: H2 JDBC Driver 2.2.224 (2023-09-17)
14:24:02.901 [pool-1-thread-4] DEBUG org.flywaydb.core.FlywayExecutor -- DDL Transactions Supported: false
14:24:02.903 [pool-1-thread-4] DEBUG org.flywaydb.core.internal.schemahistory.SchemaHistoryFactory -- Schemas: 
14:24:02.903 [pool-1-thread-4] DEBUG org.flywaydb.core.internal.schemahistory.SchemaHistoryFactory -- Default schema: null
14:24:02.907 [pool-1-thread-4] WARN org.flywaydb.core.internal.database.base.Database -- Flyway upgrade recommended: H2 2.2.224 is newer than this version of Flyway and support has not been tested. The latest supported version of H2 is 2.2.220.
14:24:02.924 [pool-1-thread-4] DEBUG org.flywaydb.core.internal.callback.SqlScriptCallbackFactory -- Scanning for SQL callbacks ...
14:24:02.924 [pool-1-thread-4] DEBUG org.flywaydb.core.internal.scanner.Scanner -- Filtering out resource: db/migration/ (filename: )
14:24:02.932 [pool-1-thread-4] DEBUG org.flywaydb.core.internal.command.DbValidate -- Validating migrations ...
14:24:02.936 [pool-1-thread-4] DEBUG org.flywaydb.core.internal.scanner.Scanner -- Filtering out resource: db/migration/ (filename: )
14:24:02.943 [pool-1-thread-4] DEBUG org.flywaydb.core.internal.scanner.Scanner -- Filtering out resource: db/migration/V1__Create_tables.sql (filename: V1__Create_tables.sql)
14:24:02.943 [pool-1-thread-4] DEBUG org.flywaydb.core.internal.scanner.Scanner -- Filtering out resource: db/migration/V2__Server_discovery.sql (filename: V2__Server_discovery.sql)
14:24:02.943 [pool-1-thread-4] DEBUG org.flywaydb.core.internal.scanner.Scanner -- Filtering out resource: db/migration/V4__Fingerprints.sql (filename: V4__Fingerprints.sql)
14:24:02.943 [pool-1-thread-4] DEBUG org.flywaydb.core.internal.scanner.Scanner -- Filtering out resource: db/migration/V3__Jar_symbols.sql (filename: V3__Jar_symbols.sql)
14:24:02.943 [pool-1-thread-4] DEBUG org.flywaydb.core.internal.scanner.Scanner -- Filtering out resource: db/migration/ (filename: )
14:24:02.944 [pool-1-thread-4] DEBUG org.flywaydb.core.internal.scanner.Scanner -- Filtering out resource: db/migration/V1__Create_tables.sql (filename: V1__Create_tables.sql)
14:24:02.944 [pool-1-thread-4] DEBUG org.flywaydb.core.internal.scanner.Scanner -- Filtering out resource: db/migration/V2__Server_discovery.sql (filename: V2__Server_discovery.sql)
14:24:02.944 [pool-1-thread-4] DEBUG org.flywaydb.core.internal.scanner.Scanner -- Filtering out resource: db/migration/V4__Fingerprints.sql (filename: V4__Fingerprints.sql)
14:24:02.944 [pool-1-thread-4] DEBUG org.flywaydb.core.internal.scanner.Scanner -- Filtering out resource: db/migration/V3__Jar_symbols.sql (filename: V3__Jar_symbols.sql)
14:24:02.944 [pool-1-thread-4] DEBUG org.flywaydb.core.internal.scanner.Scanner -- Filtering out resource: db/migration/ (filename: )
14:24:02.946 [pool-1-thread-4] INFO org.flywaydb.core.internal.schemahistory.JdbcTableSchemaHistory -- Schema history table "PUBLIC"."flyway_schema_history" does not exist yet
14:24:02.949 [pool-1-thread-4] INFO org.flywaydb.core.internal.command.DbValidate -- Successfully validated 4 migrations (execution time 00:00.015s)
14:24:02.952 [pool-1-thread-4] DEBUG org.flywaydb.core.internal.command.DbSchemas -- Skipping creation of existing schema: "PUBLIC"
14:24:02.956 [pool-1-thread-4] INFO org.flywaydb.core.internal.schemahistory.JdbcTableSchemaHistory -- Creating Schema History table "PUBLIC"."flyway_schema_history" ...
14:24:02.958 [pool-1-thread-4] DEBUG org.flywaydb.core.internal.parser.Parser -- Parsing  ...
14:24:02.967 [pool-1-thread-4] DEBUG org.flywaydb.core.internal.sqlscript.ParserSqlScript -- Found statement at line 1: CREATE TABLE IF NOT EXISTS "PUBLIC"."flyway_schema_history" (
    "installed_rank" INT NOT NULL,
    "version" VARCHAR(50),
    "description" VARCHAR(200) NOT NULL,
    "type" VARCHAR(20) NOT NULL,
    "script" VARCHAR(1000) NOT NULL,
    "checksum" INT,
    "installed_by" VARCHAR(100) NOT NULL,
    "installed_on" TIMESTAMP NOT NULL DEFAULT CURRENT_TIMESTAMP,
    "execution_time" INT NOT NULL,
    "success" BOOLEAN NOT NULL,
    CONSTRAINT "flyway_schema_history_pk" PRIMARY KEY ("installed_rank")
) AS SELECT -1, NULL, '<< Flyway Schema History table created >>', 'TABLE', '', NULL, 'SA', CURRENT_TIMESTAMP, 0, TRUE
14:24:02.967 [pool-1-thread-4] DEBUG org.flywaydb.core.internal.sqlscript.ParserSqlScript -- Found statement at line 14: CREATE INDEX "PUBLIC"."flyway_schema_history_s_idx" ON "PUBLIC"."flyway_schema_history" ("success")
14:24:02.967 [pool-1-thread-4] DEBUG org.flywaydb.core.internal.sqlscript.DefaultSqlScriptExecutor -- Executing SQL: CREATE TABLE IF NOT EXISTS "PUBLIC"."flyway_schema_history" (
    "installed_rank" INT NOT NULL,
    "version" VARCHAR(50),
    "description" VARCHAR(200) NOT NULL,
    "type" VARCHAR(20) NOT NULL,
    "script" VARCHAR(1000) NOT NULL,
    "checksum" INT,
    "installed_by" VARCHAR(100) NOT NULL,
    "installed_on" TIMESTAMP NOT NULL DEFAULT CURRENT_TIMESTAMP,
    "execution_time" INT NOT NULL,
    "success" BOOLEAN NOT NULL,
    CONSTRAINT "flyway_schema_history_pk" PRIMARY KEY ("installed_rank")
) AS SELECT -1, NULL, '<< Flyway Schema History table created >>', 'TABLE', '', NULL, 'SA', CURRENT_TIMESTAMP, 0, TRUE
14:24:02.971 [pool-1-thread-4] DEBUG org.flywaydb.core.internal.sqlscript.DefaultSqlScriptExecutor -- 0 rows affected
14:24:02.972 [pool-1-thread-4] DEBUG org.flywaydb.core.internal.sqlscript.DefaultSqlScriptExecutor -- Executing SQL: CREATE INDEX "PUBLIC"."flyway_schema_history_s_idx" ON "PUBLIC"."flyway_schema_history" ("success")
14:24:02.974 [pool-1-thread-4] DEBUG org.flywaydb.core.internal.sqlscript.DefaultSqlScriptExecutor -- 0 rows affected
14:24:02.975 [pool-1-thread-4] DEBUG org.flywaydb.core.internal.schemahistory.JdbcTableSchemaHistory -- Created Schema History table "PUBLIC"."flyway_schema_history"
14:24:02.981 [pool-1-thread-4] INFO org.flywaydb.core.internal.command.DbMigrate -- Current version of schema "PUBLIC": << Empty Schema >>
14:24:02.981 [pool-1-thread-4] DEBUG org.flywaydb.core.internal.parser.Parser -- Parsing V1__Create_tables.sql ...
14:24:02.982 [pool-1-thread-4] DEBUG org.flywaydb.core.internal.sqlscript.ParserSqlScript -- Found statement at line 4: -- The relationship between library dependency sources under .metals/readonly/**
-- and build targets they belong to. Required to know what classpath to use
-- for compiling dependency sources.
create table dependency_source(
  text_document_uri varchar primary key,
  build_target_uri varchar not null
)
14:24:02.983 [pool-1-thread-4] DEBUG org.flywaydb.core.internal.sqlscript.ParserSqlScript -- Found statement at line 12: -- The relationship between library dependency sources under .metals/readonly/**
-- and worksheets they belong to. Required to know what classpath to use
-- for compiling dependency sources.
create table worksheet_dependency_source(
  text_document_uri varchar primary key,
  worksheet_uri varchar not null
)
14:24:02.983 [pool-1-thread-4] DEBUG org.flywaydb.core.internal.sqlscript.ParserSqlScript -- Found statement at line 19: -- The relationship between what library dependency sources under .metals/readonly/**
-- map to which build targets.
create table sbt_digest(
  md5 varchar,
  status tinyint not null,
  when_recorded timestamp
)
14:24:02.984 [pool-1-thread-4] DEBUG org.flywaydb.core.internal.sqlscript.ParserSqlScript -- Found statement at line 27: -- Which window/showMessage and window/showMessageRequest dialogues have been dismissed
-- by the user via "Don't show again" or closed by clicking on "x".
create table dismissed_notification(
  id int,
  when_dismissed timestamp,
  when_expires timestamp
)
14:24:02.984 [pool-1-thread-4] DEBUG org.flywaydb.core.internal.sqlscript.ParserSqlScript -- Found statement at line 34: -- The choice of build tool when multiple build tool files are found in a workspace
create table chosen_build_tool(
  build_tool varchar primary key
)
14:24:02.985 [pool-1-thread-4] DEBUG org.flywaydb.core.internal.command.DbMigrate -- Starting migration of schema "PUBLIC" to version "1 - Create tables" ...
14:24:02.986 [pool-1-thread-4] INFO org.flywaydb.core.internal.command.DbMigrate -- Migrating schema "PUBLIC" to version "1 - Create tables"
14:24:02.987 [pool-1-thread-4] DEBUG org.flywaydb.core.internal.sqlscript.DefaultSqlScriptExecutor -- Executing SQL: -- The relationship between library dependency sources under .metals/readonly/**
-- and build targets they belong to. Required to know what classpath to use
-- for compiling dependency sources.
create table dependency_source(
  text_document_uri varchar primary key,
  build_target_uri varchar not null
)
14:24:02.988 [pool-1-thread-4] DEBUG org.flywaydb.core.internal.sqlscript.DefaultSqlScriptExecutor -- 0 rows affected
14:24:02.989 [pool-1-thread-4] DEBUG org.flywaydb.core.internal.sqlscript.DefaultSqlScriptExecutor -- Executing SQL: -- The relationship between library dependency sources under .metals/readonly/**
-- and worksheets they belong to. Required to know what classpath to use
-- for compiling dependency sources.
create table worksheet_dependency_source(
  text_document_uri varchar primary key,
  worksheet_uri varchar not null
)
14:24:02.990 [pool-1-thread-4] DEBUG org.flywaydb.core.internal.sqlscript.DefaultSqlScriptExecutor -- 0 rows affected
14:24:02.990 [pool-1-thread-4] DEBUG org.flywaydb.core.internal.sqlscript.DefaultSqlScriptExecutor -- Executing SQL: -- The relationship between what library dependency sources under .metals/readonly/**
-- map to which build targets.
create table sbt_digest(
  md5 varchar,
  status tinyint not null,
  when_recorded timestamp
)
14:24:02.990 [pool-1-thread-4] DEBUG org.flywaydb.core.internal.sqlscript.DefaultSqlScriptExecutor -- 0 rows affected
14:24:02.990 [pool-1-thread-4] DEBUG org.flywaydb.core.internal.sqlscript.DefaultSqlScriptExecutor -- Executing SQL: -- Which window/showMessage and window/showMessageRequest dialogues have been dismissed
-- by the user via "Don't show again" or closed by clicking on "x".
create table dismissed_notification(
  id int,
  when_dismissed timestamp,
  when_expires timestamp
)
14:24:02.991 [pool-1-thread-4] DEBUG org.flywaydb.core.internal.sqlscript.DefaultSqlScriptExecutor -- 0 rows affected
14:24:02.991 [pool-1-thread-4] DEBUG org.flywaydb.core.internal.sqlscript.DefaultSqlScriptExecutor -- Executing SQL: -- The choice of build tool when multiple build tool files are found in a workspace
create table chosen_build_tool(
  build_tool varchar primary key
)
14:24:02.992 [pool-1-thread-4] DEBUG org.flywaydb.core.internal.sqlscript.DefaultSqlScriptExecutor -- 0 rows affected
14:24:02.992 [pool-1-thread-4] DEBUG org.flywaydb.core.internal.command.DbMigrate -- Successfully completed migration of schema "PUBLIC" to version "1 - Create tables"
14:24:02.995 [pool-1-thread-4] DEBUG org.flywaydb.core.internal.schemahistory.JdbcTableSchemaHistory -- Schema History table "PUBLIC"."flyway_schema_history" successfully updated to reflect changes
14:24:03.001 [pool-1-thread-4] DEBUG org.flywaydb.core.internal.parser.Parser -- Parsing V2__Server_discovery.sql ...
14:24:03.003 [pool-1-thread-4] DEBUG org.flywaydb.core.internal.sqlscript.ParserSqlScript -- Found statement at line 4: -- For each unique combination of installed build servers we select one server.
-- The md5 checksum is computed from the names of the installed build servers, and
-- the selected server is the server which the user chose for this workspace.
create table chosen_build_server(
  md5 varchar primary key,
  selected_server varchar,
  when_recorded timestamp
)
14:24:03.003 [pool-1-thread-4] DEBUG org.flywaydb.core.internal.command.DbMigrate -- Starting migration of schema "PUBLIC" to version "2 - Server discovery" ...
14:24:03.003 [pool-1-thread-4] INFO org.flywaydb.core.internal.command.DbMigrate -- Migrating schema "PUBLIC" to version "2 - Server discovery"
14:24:03.004 [pool-1-thread-4] DEBUG org.flywaydb.core.internal.sqlscript.DefaultSqlScriptExecutor -- Executing SQL: -- For each unique combination of installed build servers we select one server.
-- The md5 checksum is computed from the names of the installed build servers, and
-- the selected server is the server which the user chose for this workspace.
create table chosen_build_server(
  md5 varchar primary key,
  selected_server varchar,
  when_recorded timestamp
)
14:24:03.005 [pool-1-thread-4] DEBUG org.flywaydb.core.internal.sqlscript.DefaultSqlScriptExecutor -- 0 rows affected
14:24:03.005 [pool-1-thread-4] DEBUG org.flywaydb.core.internal.command.DbMigrate -- Successfully completed migration of schema "PUBLIC" to version "2 - Server discovery"
14:24:03.006 [pool-1-thread-4] DEBUG org.flywaydb.core.internal.schemahistory.JdbcTableSchemaHistory -- Schema History table "PUBLIC"."flyway_schema_history" successfully updated to reflect changes
14:24:03.008 [pool-1-thread-4] DEBUG org.flywaydb.core.internal.parser.Parser -- Parsing V3__Jar_symbols.sql ...
14:24:03.009 [pool-1-thread-4] DEBUG org.flywaydb.core.internal.sqlscript.ParserSqlScript -- Found statement at line 2: -- Indexed jars, the MD5 digest of path, modified time and size as key
create table indexed_jar(
  id int auto_increment unique,
  md5 varchar primary key
)
14:24:03.010 [pool-1-thread-4] DEBUG org.flywaydb.core.internal.sqlscript.ParserSqlScript -- Found statement at line 7: -- Top Level Symbols per jar, allow for multiple jars with same symbols and paths
create table toplevel_symbol(
  symbol varchar not null,
  path varchar not null,
  jar int,
  foreign key (jar) references indexed_jar (id) on delete cascade,
  primary key (jar, path, symbol)
)
14:24:03.011 [pool-1-thread-4] DEBUG org.flywaydb.core.internal.sqlscript.ParserSqlScript -- Found statement at line 15: -- Create index to speedup lookup of jar symbols
create index toplevel_symbol_jar on toplevel_symbol(jar)
14:24:03.011 [pool-1-thread-4] DEBUG org.flywaydb.core.internal.command.DbMigrate -- Starting migration of schema "PUBLIC" to version "3 - Jar symbols" ...
14:24:03.011 [pool-1-thread-4] INFO org.flywaydb.core.internal.command.DbMigrate -- Migrating schema "PUBLIC" to version "3 - Jar symbols"
14:24:03.012 [pool-1-thread-4] DEBUG org.flywaydb.core.internal.sqlscript.DefaultSqlScriptExecutor -- Executing SQL: -- Indexed jars, the MD5 digest of path, modified time and size as key
create table indexed_jar(
  id int auto_increment unique,
  md5 varchar primary key
)
14:24:03.015 [pool-1-thread-4] DEBUG org.flywaydb.core.internal.sqlscript.DefaultSqlScriptExecutor -- 0 rows affected
14:24:03.015 [pool-1-thread-4] DEBUG org.flywaydb.core.internal.sqlscript.DefaultSqlScriptExecutor -- Executing SQL: -- Top Level Symbols per jar, allow for multiple jars with same symbols and paths
create table toplevel_symbol(
  symbol varchar not null,
  path varchar not null,
  jar int,
  foreign key (jar) references indexed_jar (id) on delete cascade,
  primary key (jar, path, symbol)
)
14:24:03.020 [pool-1-thread-4] DEBUG org.flywaydb.core.internal.sqlscript.DefaultSqlScriptExecutor -- 0 rows affected
14:24:03.020 [pool-1-thread-4] DEBUG org.flywaydb.core.internal.sqlscript.DefaultSqlScriptExecutor -- Executing SQL: -- Create index to speedup lookup of jar symbols
create index toplevel_symbol_jar on toplevel_symbol(jar)
14:24:03.021 [pool-1-thread-4] DEBUG org.flywaydb.core.internal.sqlscript.DefaultSqlScriptExecutor -- 0 rows affected
14:24:03.021 [pool-1-thread-4] DEBUG org.flywaydb.core.internal.command.DbMigrate -- Successfully completed migration of schema "PUBLIC" to version "3 - Jar symbols"
14:24:03.023 [pool-1-thread-4] DEBUG org.flywaydb.core.internal.schemahistory.JdbcTableSchemaHistory -- Schema History table "PUBLIC"."flyway_schema_history" successfully updated to reflect changes
14:24:03.025 [pool-1-thread-4] DEBUG org.flywaydb.core.internal.parser.Parser -- Parsing V4__Fingerprints.sql ...
14:24:03.026 [pool-1-thread-4] DEBUG org.flywaydb.core.internal.sqlscript.ParserSqlScript -- Found statement at line 2: -- Fingerprints saved between invocations
create table fingerprints(
  path varchar not null,
  text varchar not null,
  md5 varchar not null,
  id int auto_increment unique
)
14:24:03.026 [pool-1-thread-4] DEBUG org.flywaydb.core.internal.command.DbMigrate -- Starting migration of schema "PUBLIC" to version "4 - Fingerprints" ...
14:24:03.027 [pool-1-thread-4] INFO org.flywaydb.core.internal.command.DbMigrate -- Migrating schema "PUBLIC" to version "4 - Fingerprints"
14:24:03.027 [pool-1-thread-4] DEBUG org.flywaydb.core.internal.sqlscript.DefaultSqlScriptExecutor -- Executing SQL: -- Fingerprints saved between invocations
create table fingerprints(
  path varchar not null,
  text varchar not null,
  md5 varchar not null,
  id int auto_increment unique
)
14:24:03.028 [pool-1-thread-4] DEBUG org.flywaydb.core.internal.sqlscript.DefaultSqlScriptExecutor -- 0 rows affected
14:24:03.028 [pool-1-thread-4] DEBUG org.flywaydb.core.internal.command.DbMigrate -- Successfully completed migration of schema "PUBLIC" to version "4 - Fingerprints"
14:24:03.030 [pool-1-thread-4] DEBUG org.flywaydb.core.internal.schemahistory.JdbcTableSchemaHistory -- Schema History table "PUBLIC"."flyway_schema_history" successfully updated to reflect changes
14:24:03.035 [pool-1-thread-4] INFO org.flywaydb.core.internal.command.DbMigrate -- Successfully applied 4 migrations to schema "PUBLIC", now at version v4 (execution time 00:00.021s)
14:24:03.042 [pool-1-thread-4] DEBUG org.flywaydb.core.FlywayExecutor -- Memory usage: 39 of 135M
2024.02.18 14:24:03 WARN  Build server is not auto-connectable.[0m
Feb 18, 2024 2:24:49 PM org.eclipse.lsp4j.jsonrpc.services.GenericEndpoint notify
INFO: Unsupported notification method: $/setTrace
2024.02.18 14:24:56 WARN  no build target for: /Users/tommy/Desktop/builds/rw/rw-scala/build.sbt[0m
2024.02.18 14:25:00 WARN  no build target for: /Users/tommy/Desktop/builds/rw/rw-scala/build.sbt[0m
2024.02.18 14:25:00 INFO  skipping build import with status 'Dismissed'[0m
2024.02.18 14:25:02 INFO  no build target found for /Users/tommy/Desktop/builds/rw/rw-scala/build.sbt. Using presentation compiler with project's scala-library version: 3.3.1[0m
2024.02.18 14:25:17 WARN  Could not find semantic tokens for: file:///Users/tommy/Desktop/builds/rw/rw-scala/src/main/scala/conduit/Endpoints.scala[0m
2024.02.18 14:25:23 WARN  Could not find semantic tokens for: file:///Users/tommy/Desktop/builds/rw/rw-scala/src/main/scala/conduit/Endpoints.scala[0m
2024.02.18 14:25:23 WARN  Could not find semantic tokens for: file:///Users/tommy/Desktop/builds/rw/rw-scala/src/main/scala/conduit/Endpoints.scala[0m
2024.02.18 14:25:41 WARN  no build target for: /Users/tommy/Desktop/builds/rw/rw-scala/src/main/scala/conduit/Endpoints.scala[0m
2024.02.18 14:25:41 WARN  no build target for: /Users/tommy/Desktop/builds/rw/rw-scala/src/main/scala/conduit/Endpoints.scala[0m
2024.02.18 14:25:46 WARN  no build target for: /Users/tommy/Desktop/builds/rw/rw-scala/src/main/scala/conduit/Endpoints.scala[0m
2024.02.18 14:25:53 WARN  no build target for: /Users/tommy/Desktop/builds/rw/rw-scala/src/main/scala/conduit/Endpoints.scala[0m
2024.02.18 14:25:58 WARN  no build target for: /Users/tommy/Desktop/builds/rw/rw-scala/src/main/scala/conduit/Endpoints.scala[0m
2024.02.18 14:26:27 WARN  no build target for: /Users/tommy/Desktop/builds/rw/rw-scala/src/main/scala/conduit/Endpoints.scala[0m
2024.02.18 14:26:45 WARN  Could not find semantic tokens for: file:///Users/tommy/Desktop/builds/rw/rw-scala/src/main/scala/conduit/db/Db.scala[0m
2024.02.18 14:26:47 WARN  Could not find semantic tokens for: file:///Users/tommy/Desktop/builds/rw/rw-scala/src/main/scala/conduit/db/Db.scala[0m
2024.02.18 14:26:47 WARN  Could not find semantic tokens for: file:///Users/tommy/Desktop/builds/rw/rw-scala/src/main/scala/conduit/db/Db.scala[0m
2024.02.18 14:26:51 WARN  no build target for: /Users/tommy/Desktop/builds/rw/rw-scala/src/main/scala/conduit/db/Db.scala[0m
2024.02.18 14:27:07 WARN  no build target for: /Users/tommy/Desktop/builds/rw/rw-scala/src/main/scala/conduit/db/Db.scala[0m
2024.02.18 14:27:09 WARN  no build target for: /Users/tommy/Desktop/builds/rw/rw-scala/src/main/scala/conduit/db/Db.scala[0m
2024.02.18 14:27:29 WARN  no build target for: /Users/tommy/Desktop/builds/rw/rw-scala/src/main/scala/conduit/db/Db.scala[0m
2024.02.18 14:27:46 WARN  no build target for: /Users/tommy/Desktop/builds/rw/rw-scala/src/main/scala/conduit/db/Db.scala[0m
2024.02.18 14:27:49 WARN  Could not find semantic tokens for: file:///Users/tommy/Desktop/builds/rw/rw-scala/src/main/scala/conduit/db/DbConfig.scala[0m
2024.02.18 14:27:51 WARN  Could not find semantic tokens for: file:///Users/tommy/Desktop/builds/rw/rw-scala/src/main/scala/conduit/db/DbConfig.scala[0m
2024.02.18 14:27:52 WARN  Could not find semantic tokens for: file:///Users/tommy/Desktop/builds/rw/rw-scala/src/main/scala/conduit/db/DbConfig.scala[0m
2024.02.18 14:27:54 WARN  Could not find semantic tokens for: file:///Users/tommy/Desktop/builds/rw/rw-scala/src/main/scala/conduit/db/DbConfig.scala[0m
2024.02.18 14:27:57 WARN  no build target for: /Users/tommy/Desktop/builds/rw/rw-scala/src/main/scala/conduit/db/DbConfig.scala[0m
2024.02.18 14:28:31 WARN  no build target for: /Users/tommy/Desktop/builds/rw/rw-scala/src/main/scala/conduit/db/DbConfig.scala[0m
